[debug] [2018-10-15T22:52:32.892Z] ----------------------------------------------------------------------
[debug] [2018-10-15T22:52:32.895Z] Command:       C:\Program Files\nodejs\node.exe C:\Users\Alex\AppData\Roaming\npm\node_modules\firebase-tools\bin\firebase init hosting
[debug] [2018-10-15T22:52:32.895Z] CLI Version:   5.1.0
[debug] [2018-10-15T22:52:32.895Z] Platform:      win32
[debug] [2018-10-15T22:52:32.895Z] Node Version:  v8.11.3
[debug] [2018-10-15T22:52:32.896Z] Time:          Mon Oct 15 2018 18:52:32 GMT-0400 (Eastern Daylight Time)
[debug] [2018-10-15T22:52:32.896Z] ----------------------------------------------------------------------
[debug] 
[debug] [2018-10-15T22:52:32.906Z] > command requires scopes: ["email","openid","https://www.googleapis.com/auth/cloudplatformprojects.readonly","https://www.googleapis.com/auth/firebase","https://www.googleapis.com/auth/cloud-platform"]
[debug] [2018-10-15T22:52:32.906Z] > authorizing via signed-in user
[info] 
     ######## #### ########  ######## ########     ###     ######  ########
     ##        ##  ##     ## ##       ##     ##  ##   ##  ##       ##
     ######    ##  ########  ######   ########  #########  ######  ######
     ##        ##  ##    ##  ##       ##     ## ##     ##       ## ##
     ##       #### ##     ## ######## ########  ##     ##  ######  ########

You're about to initialize a Firebase project in this directory:

  C:\Users\Alex\Desktop\Personal\Cordova\hybrid-base\src

[info] 
=== Project Setup
[info] 
[info] First, let's associate this project directory with a Firebase project.
[info] You can create multiple project aliases by running firebase use --add, 
[info] but for now we'll just set up a default project.
[info] 
[debug] [2018-10-15T22:52:34.299Z] >>> HTTP REQUEST GET https://firebase.googleapis.com/v1beta1/projects?page_size=100  
 
[debug] [2018-10-15T22:52:34.777Z] <<< HTTP RESPONSE 200
[debug] [2018-10-15T22:52:36.490Z] TypeError: Cannot read property 'instances' of undefined
    at C:\Users\Alex\AppData\Roaming\npm\node_modules\firebase-tools\lib\init\features\project.js:88:34
    at <anonymous>
    at process._tickDomainCallback (internal/process/next_tick.js:228:7)
[error] 
[error] Error: An unexpected error has occurred.
